TN:
SF:src/__tests__/preload.ts
FNF:0
FNH:0
LF:0
LH:0
end_of_record
TN:
SF:src/http/client.ts
FNF:39
FNH:32
DA:41,1
DA:43,36
DA:44,91
DA:47,0
DA:48,53
DA:51,116
DA:52,94
DA:53,98
DA:54,142
DA:55,76
DA:56,99
DA:57,5
DA:58,144
DA:61,57
DA:62,71
DA:74,35
DA:75,62
DA:76,24
DA:77,144
DA:78,236
DA:79,126
DA:80,120
DA:81,5
DA:84,46
DA:85,57
DA:86,70
DA:87,78
DA:88,5
DA:89,25
DA:98,57
DA:99,89
DA:100,70
DA:101,46
DA:102,49
DA:103,66
DA:104,43
DA:105,92
DA:106,5
DA:107,16
DA:108,76
DA:109,64
DA:110,4
DA:111,5
DA:114,55
DA:115,60
DA:116,127
DA:117,103
DA:118,5
DA:119,92
DA:120,132
DA:121,60
DA:122,36
DA:123,32
DA:124,86
DA:146,94
DA:147,58
DA:148,66
DA:149,98
DA:150,96
DA:151,96
DA:153,54
DA:154,58
DA:156,37
DA:157,172
DA:158,56
DA:159,66
DA:165,46
DA:166,76
DA:167,6
DA:169,65
DA:170,277
DA:171,5
DA:173,35
DA:174,28
DA:175,52
DA:176,32
DA:177,34
DA:178,40
DA:179,54
DA:180,52
DA:181,220
DA:182,5
DA:183,5
DA:185,116
DA:186,28
DA:187,18
DA:188,67
DA:189,38
DA:190,132
DA:191,310
DA:194,240
DA:197,88
DA:198,18
DA:199,18
DA:200,14
DA:201,13
DA:202,79
DA:203,132
DA:204,66
DA:205,50
DA:206,50
DA:207,42
DA:208,41
DA:210,1
DA:243,53
DA:244,56
DA:245,74
DA:246,109
DA:247,120
DA:248,187
DA:249,91
DA:250,5
DA:251,62
DA:252,120
DA:255,136
DA:256,144
DA:257,88
DA:259,65
DA:260,122
DA:261,102
DA:262,94
DA:263,99
DA:265,90
DA:266,46
DA:267,68
DA:268,96
DA:269,72
DA:270,44
DA:271,12
DA:272,164
DA:273,74
DA:274,61
DA:275,102
DA:276,74
DA:277,9
DA:278,86
DA:279,65
DA:280,47
DA:281,106
DA:282,83
DA:283,9
DA:284,143
DA:285,72
DA:286,34
DA:287,22
DA:288,87
DA:289,42
DA:290,123
DA:291,172
DA:292,73
DA:293,14
DA:294,52
DA:295,163
DA:297,78
DA:298,54
DA:299,55
DA:300,26
DA:301,67
DA:302,30
DA:303,49
DA:305,9
DA:306,49
DA:307,271
DA:308,9
DA:309,76
DA:312,95
DA:313,78
DA:314,161
DA:315,64
DA:316,164
DA:317,82
DA:318,119
DA:319,40
DA:320,125
DA:321,122
DA:322,94
DA:323,40
DA:324,168
DA:325,66
DA:326,126
DA:327,134
DA:328,68
DA:329,9
DA:330,41
DA:333,24
DA:334,36
DA:335,24
DA:336,124
DA:337,130
DA:338,79
DA:339,73
DA:340,126
DA:341,5
DA:344,37
DA:345,46
DA:346,116
DA:347,86
DA:361,70
DA:362,68
DA:363,81
DA:364,40
DA:365,175
DA:366,110
DA:367,5
DA:368,5
DA:369,22
DA:372,81
DA:373,106
DA:374,136
DA:375,24
DA:376,18
DA:377,62
DA:378,32
DA:379,54
DA:380,126
DA:381,125
DA:383,47
DA:384,26
DA:385,98
DA:386,46
DA:387,178
DA:388,50
DA:391,87
DA:392,220
DA:394,101
DA:395,137
DA:396,92
DA:398,50
DA:399,26
DA:400,91
DA:401,46
DA:402,168
DA:403,44
DA:406,6
DA:417,120
DA:418,98
DA:419,69
DA:420,193
DA:421,5
DA:422,133
DA:423,115
DA:424,5
DA:425,58
DA:426,110
DA:427,119
DA:428,237
DA:429,175
LF:247
LH:246
end_of_record
TN:
SF:src/lib/retired-deployment-modes.ts
FNF:3
FNH:2
DA:31,42
DA:32,10
DA:33,16
DA:34,10
DA:35,11
DA:36,9
DA:37,2
DA:42,16
DA:43,53
DA:47,16
DA:48,42
DA:49,49
DA:50,2
DA:51,5
DA:71,0
DA:72,0
DA:73,0
DA:74,0
DA:75,0
DA:76,0
DA:77,0
DA:78,0
DA:79,0
DA:80,0
DA:81,0
DA:82,0
LF:26
LH:14
end_of_record
TN:
SF:src/server/openapi.ts
FNF:1
FNH:1
DA:6,40
DA:8,26
DA:9,17
DA:10,17
DA:11,27
DA:12,51
DA:13,33
DA:14,55
DA:15,67
DA:16,35
DA:17,58
DA:18,36
DA:19,49
DA:20,55
DA:21,49
DA:22,51
DA:23,51
DA:24,45
DA:25,45
DA:26,53
DA:27,51
DA:28,61
DA:29,32
DA:30,2
DA:31,2
DA:33,22
DA:34,17
DA:35,17
DA:36,27
DA:37,29
DA:38,52
DA:39,29
DA:40,61
DA:41,35
DA:42,34
DA:43,2
DA:44,2
DA:46,24
DA:47,17
DA:48,17
DA:49,27
DA:50,29
DA:51,29
DA:52,52
DA:53,35
DA:54,32
DA:55,2
DA:56,2
DA:58,28
DA:59,12
DA:60,21
DA:61,13
DA:62,33
DA:63,14
DA:64,13
DA:65,273
DA:66,6
DA:67,28
DA:68,19
DA:69,26
DA:70,65
DA:71,8
DA:72,18
DA:73,35
DA:74,27
DA:75,31
DA:76,33
DA:77,25
DA:78,33
DA:79,25
DA:80,35
DA:81,41
DA:82,43
DA:83,47
DA:84,75
DA:85,43
DA:86,50
DA:87,44
DA:88,41
DA:89,63
DA:90,41
DA:91,43
DA:92,43
DA:93,37
DA:94,37
DA:95,45
DA:96,43
DA:97,66
DA:98,9
DA:99,10
DA:100,31
DA:101,25
DA:102,29
DA:103,25
DA:104,37
DA:105,44
DA:106,34
DA:107,9
DA:108,10
DA:109,33
DA:110,25
DA:111,37
DA:112,25
DA:113,37
DA:114,37
DA:115,41
DA:116,9
DA:117,7
DA:118,5
DA:119,6
DA:120,31
DA:121,14
DA:122,27
DA:123,16
DA:124,40
DA:125,37
DA:126,25
DA:127,74
DA:128,76
DA:129,76
DA:130,108
DA:131,126
DA:132,72
DA:133,71
DA:134,71
DA:135,72
DA:136,70
DA:137,12
DA:138,24
DA:139,22
DA:140,48
DA:141,26
DA:142,39
DA:143,29
DA:144,35
DA:145,35
DA:146,103
DA:147,106
DA:148,19
DA:149,17
DA:150,15
DA:151,13
DA:152,11
DA:153,9
DA:154,10
DA:155,17
DA:156,41
DA:157,40
DA:158,26
DA:159,27
DA:160,24
DA:161,97
DA:162,11
DA:163,12
DA:164,24
DA:165,22
DA:166,47
DA:167,26
DA:168,39
DA:169,29
DA:170,35
DA:171,87
DA:172,17
DA:173,15
DA:174,13
DA:175,11
DA:176,9
DA:177,7
DA:178,8
DA:179,32
DA:180,16
DA:181,38
DA:182,43
DA:183,95
DA:184,24
DA:185,22
DA:186,43
DA:187,26
DA:188,39
DA:189,29
DA:190,35
DA:191,87
DA:192,17
DA:193,15
DA:194,13
DA:195,14
DA:196,45
DA:197,9
DA:198,10
DA:199,19
DA:200,41
DA:201,46
DA:202,95
DA:203,24
DA:204,22
DA:205,45
DA:206,26
DA:207,39
DA:208,88
DA:209,15
DA:210,13
DA:211,11
DA:212,9
DA:213,7
DA:214,8
DA:215,22
DA:216,16
DA:217,43
DA:218,52
DA:219,24
DA:220,22
DA:221,35
DA:222,26
DA:223,39
DA:224,29
DA:225,35
DA:226,35
DA:227,49
DA:228,47
DA:229,52
DA:230,60
DA:231,91
DA:232,19
DA:233,17
DA:234,15
DA:235,13
DA:236,11
DA:237,9
DA:238,7
DA:239,8
DA:240,23
DA:241,16
DA:242,36
DA:243,33
DA:244,24
DA:245,22
DA:246,44
DA:247,26
DA:248,39
DA:249,29
DA:250,35
DA:251,35
DA:252,95
DA:253,46
DA:254,19
DA:255,17
DA:256,15
DA:257,13
DA:258,11
DA:259,9
DA:260,10
DA:261,17
DA:262,39
DA:263,48
DA:264,26
DA:265,27
DA:266,24
DA:267,95
DA:268,11
DA:269,12
DA:270,24
DA:271,22
DA:272,39
DA:273,26
DA:274,39
DA:275,105
DA:276,15
DA:277,13
DA:278,11
DA:279,9
DA:280,7
DA:281,8
DA:282,28
DA:283,16
DA:284,34
DA:285,48
DA:286,95
DA:287,24
DA:288,22
DA:289,39
DA:290,26
DA:291,39
DA:292,105
DA:293,15
DA:294,13
DA:295,14
DA:296,45
DA:297,9
DA:298,7
DA:299,8
DA:300,25
DA:301,16
DA:302,38
DA:303,35
DA:304,24
DA:305,22
DA:306,46
DA:307,26
DA:308,39
DA:309,29
DA:310,35
DA:311,35
DA:312,99
DA:313,46
DA:314,19
DA:315,17
DA:316,15
DA:317,13
DA:318,11
DA:319,9
DA:320,10
DA:321,17
DA:322,41
DA:323,49
DA:324,26
DA:325,27
DA:326,24
DA:327,97
DA:328,11
DA:329,12
DA:330,24
DA:331,22
DA:332,41
DA:333,26
DA:334,39
DA:335,109
DA:336,15
DA:337,13
DA:338,11
DA:339,9
DA:340,7
DA:341,8
DA:342,30
DA:343,16
DA:344,36
DA:345,49
DA:346,95
DA:347,24
DA:348,22
DA:349,41
DA:350,26
DA:351,39
DA:352,109
DA:353,15
DA:354,13
DA:355,14
DA:356,45
DA:357,9
DA:358,7
DA:359,5
DA:360,3
DA:361,1
LF:352
LH:352
end_of_record
TN:
SF:src/version.ts
FNF:1
FNH:1
DA:1,31
LF:1
LH:1
end_of_record
